C:\USERS\T\DESKTOP\DATA CALIBRATION FOR GAKKAI\PROJECT1\RELEASE\MAIN.OBJ
C:\USERS\T\DESKTOP\DATA CALIBRATION FOR GAKKAI\PROJECT1\RELEASE\FUNCTIONS.OBJ
C:\USERS\T\DESKTOP\DATA CALIBRATION FOR GAKKAI\PROJECT1\RELEASE\FILEINFORMATION.OBJ
C:\USERS\T\DESKTOP\DATA CALIBRATION FOR GAKKAI\PROJECT1\RELEASE\CONFIG.OBJ
C:\USERS\T\DESKTOP\DATA CALIBRATION FOR GAKKAI\PROJECT1\RELEASE\VC110.PDB
C:\USERS\T\DESKTOP\SPECTRUMOBSERVATION\PROJECT1\RELEASE\FUNCTIONS.OBJ
C:\USERS\T\DESKTOP\SPECTRUMOBSERVATION\PROJECT1\RELEASE\FILEINFORMATION.OBJ
C:\USERS\T\DESKTOP\SPECTRUMOBSERVATION\PROJECT1\RELEASE\CONFIG.OBJ
C:\USERS\T\DESKTOP\SPECTRUMOBSERVATION\PROJECT1\RELEASE\MAIN.OBJ
C:\USERS\T\DESKTOP\SPECTRUMOBSERVATION\PROJECT1\RELEASE\VC110.PDB
C:\USERS\T\DESKTOP\DATA CALIBRATION FOR GAKKAI\RELEASE\DATA CALIBRATION.EXE
C:\USERS\T\DESKTOP\DATA CALIBRATION FOR GAKKAI\RELEASE\DATA CALIBRATION.PDB
C:\USERS\T\DESKTOP\DATA CALIBRATION FOR GAKKAI\RELEASE\BANDCHARACTERISTICS.EXE
C:\USERS\T\DESKTOP\DATA CALIBRATION FOR GAKKAI\RELEASE\BANDCHARACTERISTICS.PDB
C:\USERS\T\DESKTOP\SPECTRUMOBSERVATION\RELEASE\SPECTRUMOBSERVATION.EXE
C:\USERS\T\DESKTOP\SPECTRUMOBSERVATION\RELEASE\SPECTRUMOBSERVATION.PDB
C:\Users\T\Desktop\SpectrumObservation\Project1\Release\Config.obj
C:\Users\T\Desktop\SpectrumObservation\Project1\Release\FileInformation.obj
C:\Users\T\Desktop\SpectrumObservation\Project1\Release\Functions.obj
C:\Users\T\Desktop\SpectrumObservation\Project1\Release\main.obj
C:\Users\T\Desktop\SpectrumObservation\Project1\Release\cl.command.1.tlog
C:\Users\T\Desktop\SpectrumObservation\Project1\Release\CL.read.1.tlog
C:\Users\T\Desktop\SpectrumObservation\Project1\Release\CL.write.1.tlog
C:\Users\T\Desktop\SpectrumObservation\Project1\Release\link-cvtres.read.1.tlog
C:\Users\T\Desktop\SpectrumObservation\Project1\Release\link-cvtres.write.1.tlog
C:\Users\T\Desktop\SpectrumObservation\Project1\Release\link-rc.read.1.tlog
C:\Users\T\Desktop\SpectrumObservation\Project1\Release\link-rc.write.1.tlog
C:\Users\T\Desktop\SpectrumObservation\Project1\Release\link.command.1.tlog
C:\Users\T\Desktop\SpectrumObservation\Project1\Release\link.read.1.tlog
C:\Users\T\Desktop\SpectrumObservation\Project1\Release\link.write.1.tlog
C:\Users\T\Desktop\SpectrumObservation\Project1\Release\vc110.pdb
C:\Users\T\Desktop\SpectrumObservation\Release\SpectrumObservation.pdb
