  main.cu
main.cu(88): warning C4267: '初期化中' : 'size_t' から 'int' に変換しました。データが失われているかもしれません。
main.cu(101): warning C4244: '初期化中' : 'float' から 'const int' への変換です。データが失われる可能性があります。
main.cu(103): warning C4244: '初期化中' : 'float' から 'const int' への変換です。データが失われる可能性があります。
main.cu(407): warning C4996: 'fopen': This function or variable may be unsafe. Consider using fopen_s instead. To disable deprecation, use _CRT_SECURE_NO_WARNINGS. See online help for details.
          C:\Program Files (x86)\Microsoft Visual Studio 11.0\VC\include\stdio.h(218) : 'fopen' の宣言を確認してください。
main.cu(448): warning C4244: '初期化中' : 'double' から 'const float' への変換です。データが失われる可能性があります。
main.cu(449): warning C4244: '初期化中' : 'double' から 'const float' への変換です。データが失われる可能性があります。
main.cu(471): warning C4244: '初期化中' : 'double' から 'const float' への変換です。データが失われる可能性があります。
main.cu(483): warning C4244: '初期化中' : 'double' から 'const float' への変換です。データが失われる可能性があります。
main.cu(489): warning C4244: '引数' : 'double' から 'const int' への変換です。データが失われる可能性があります。
main.cu(493): warning C4244: '初期化中' : 'double' から 'const float' への変換です。データが失われる可能性があります。
main.cu(520): warning C4996: 'sprintf': This function or variable may be unsafe. Consider using sprintf_s instead. To disable deprecation, use _CRT_SECURE_NO_WARNINGS. See online help for details.
          C:\Program Files (x86)\Microsoft Visual Studio 11.0\VC\include\stdio.h(357) : 'sprintf' の宣言を確認してください。
main.cu(522): warning C4996: 'fopen': This function or variable may be unsafe. Consider using fopen_s instead. To disable deprecation, use _CRT_SECURE_NO_WARNINGS. See online help for details.
          C:\Program Files (x86)\Microsoft Visual Studio 11.0\VC\include\stdio.h(218) : 'fopen' の宣言を確認してください。
main.cu(524): warning C4996: 'sprintf': This function or variable may be unsafe. Consider using sprintf_s instead. To disable deprecation, use _CRT_SECURE_NO_WARNINGS. See online help for details.
          C:\Program Files (x86)\Microsoft Visual Studio 11.0\VC\include\stdio.h(357) : 'sprintf' の宣言を確認してください。
main.cu(526): warning C4996: 'fopen': This function or variable may be unsafe. Consider using fopen_s instead. To disable deprecation, use _CRT_SECURE_NO_WARNINGS. See online help for details.
          C:\Program Files (x86)\Microsoft Visual Studio 11.0\VC\include\stdio.h(218) : 'fopen' の宣言を確認してください。
main.cu(558): warning C4244: '初期化中' : 'const float' から 'const int' への変換です。データが失われる可能性があります。
  BinData.cpp
BinData.cpp(23): warning C4244: '=' : 'double' から 'unsigned char' への変換です。データが失われる可能性があります。
BinData.cpp(26): warning C4996: 'fopen': This function or variable may be unsafe. Consider using fopen_s instead. To disable deprecation, use _CRT_SECURE_NO_WARNINGS. See online help for details.
          C:\Program Files (x86)\Microsoft Visual Studio 11.0\VC\include\stdio.h(218) : 'fopen' の宣言を確認してください。
BinData.cpp(36): warning C4267: '=' : 'size_t' から 'int' に変換しました。データが失われているかもしれません。
BinData.cpp(51): warning C4996: 'fopen': This function or variable may be unsafe. Consider using fopen_s instead. To disable deprecation, use _CRT_SECURE_NO_WARNINGS. See online help for details.
          C:\Program Files (x86)\Microsoft Visual Studio 11.0\VC\include\stdio.h(218) : 'fopen' の宣言を確認してください。
BinData.cpp(70): warning C4267: '=' : 'size_t' から 'int' に変換しました。データが失われているかもしれません。
BinData.cpp(71): warning C4267: '=' : 'size_t' から 'int' に変換しました。データが失われているかもしれません。
BinData.cpp(89): warning C4996: 'fopen': This function or variable may be unsafe. Consider using fopen_s instead. To disable deprecation, use _CRT_SECURE_NO_WARNINGS. See online help for details.
          C:\Program Files (x86)\Microsoft Visual Studio 11.0\VC\include\stdio.h(218) : 'fopen' の宣言を確認してください。
BinData.cpp(101): warning C4267: '=' : 'size_t' から 'int' に変換しました。データが失われているかもしれません。
  コードを生成中...
  Project1.vcxproj -> C:\Users\T\Desktop\SpectrumObservation\x64\Debug\SpectrumObservation.exe
