C:\USERS\T\DESKTOP\NASU - PULSAR\PROJECT1\DEBUG\CONFIG.OBJ
C:\USERS\T\DESKTOP\NASU - PULSAR\PROJECT1\DEBUG\FILEINFORMATION.OBJ
C:\USERS\T\DESKTOP\NASU - PULSAR\PROJECT1\DEBUG\FUNCTIONS.OBJ
C:\USERS\T\DESKTOP\NASU - PULSAR\PROJECT1\DEBUG\MAIN.OBJ
C:\USERS\T\DESKTOP\NASU - PULSAR\PROJECT1\DEBUG\VC110.PDB
C:\Users\T\Desktop\Nasu - Pulsar\Project1\Debug\Config.obj
C:\Users\T\Desktop\Nasu - Pulsar\Project1\Debug\FileInformation.obj
C:\Users\T\Desktop\Nasu - Pulsar\Project1\Debug\Functions.obj
C:\Users\T\Desktop\Nasu - Pulsar\Project1\Debug\main.obj
C:\Users\T\Desktop\Nasu - Pulsar\Project1\Debug\cl.command.1.tlog
C:\Users\T\Desktop\Nasu - Pulsar\Project1\Debug\CL.read.1.tlog
C:\Users\T\Desktop\Nasu - Pulsar\Project1\Debug\CL.write.1.tlog
C:\Users\T\Desktop\Nasu - Pulsar\Project1\Debug\link-cvtres.read.1.tlog
C:\Users\T\Desktop\Nasu - Pulsar\Project1\Debug\link-cvtres.write.1.tlog
C:\Users\T\Desktop\Nasu - Pulsar\Project1\Debug\link-rc.read.1.tlog
C:\Users\T\Desktop\Nasu - Pulsar\Project1\Debug\link-rc.write.1.tlog
C:\Users\T\Desktop\Nasu - Pulsar\Project1\Debug\link.command.1.tlog
C:\Users\T\Desktop\Nasu - Pulsar\Project1\Debug\link.read.1.tlog
C:\Users\T\Desktop\Nasu - Pulsar\Project1\Debug\link.write.1.tlog
C:\Users\T\Desktop\Nasu - Pulsar\Project1\Debug\vc110.idb
C:\Users\T\Desktop\Nasu - Pulsar\Project1\Debug\vc110.pdb
C:\Users\T\Desktop\Nasu - Pulsar\Debug\Pulsar.pdb
