C:\USERS\T\DESKTOP\SPECTRUMOBSERVATION\PROJECT1\DEBUG\CONFIG.OBJ
C:\USERS\T\DESKTOP\SPECTRUMOBSERVATION\PROJECT1\DEBUG\FILEINFORMATION.OBJ
C:\USERS\T\DESKTOP\SPECTRUMOBSERVATION\PROJECT1\DEBUG\FUNCTIONS.OBJ
C:\USERS\T\DESKTOP\SPECTRUMOBSERVATION\PROJECT1\DEBUG\MAIN.OBJ
C:\USERS\T\DESKTOP\SPECTRUMOBSERVATION\PROJECT1\DEBUG\VC110.PDB
C:\USERS\T\DESKTOP\SPECTRUMOBSERVATION\DEBUG\SPECTRUMOBSERVATION.ILK
C:\USERS\T\DESKTOP\SPECTRUMOBSERVATION\DEBUG\SPECTRUMOBSERVATION.EXE
C:\USERS\T\DESKTOP\SPECTRUMOBSERVATION\DEBUG\SPECTRUMOBSERVATION.PDB
C:\Users\T\Desktop\SpectrumObservation\Project1\Debug\Config.obj
C:\Users\T\Desktop\SpectrumObservation\Project1\Debug\FileInformation.obj
C:\Users\T\Desktop\SpectrumObservation\Project1\Debug\Functions.obj
C:\Users\T\Desktop\SpectrumObservation\Project1\Debug\main.obj
C:\Users\T\Desktop\SpectrumObservation\Project1\Debug\cl.command.1.tlog
C:\Users\T\Desktop\SpectrumObservation\Project1\Debug\CL.read.1.tlog
C:\Users\T\Desktop\SpectrumObservation\Project1\Debug\CL.write.1.tlog
C:\Users\T\Desktop\SpectrumObservation\Project1\Debug\link-cvtres.read.1.tlog
C:\Users\T\Desktop\SpectrumObservation\Project1\Debug\link-cvtres.write.1.tlog
C:\Users\T\Desktop\SpectrumObservation\Project1\Debug\link-rc.read.1.tlog
C:\Users\T\Desktop\SpectrumObservation\Project1\Debug\link-rc.write.1.tlog
C:\Users\T\Desktop\SpectrumObservation\Project1\Debug\link.11340-cvtres.read.1.tlog
C:\Users\T\Desktop\SpectrumObservation\Project1\Debug\link.11340-cvtres.write.1.tlog
C:\Users\T\Desktop\SpectrumObservation\Project1\Debug\link.11340-rc.read.1.tlog
C:\Users\T\Desktop\SpectrumObservation\Project1\Debug\link.11340-rc.write.1.tlog
C:\Users\T\Desktop\SpectrumObservation\Project1\Debug\link.11340.read.1.tlog
C:\Users\T\Desktop\SpectrumObservation\Project1\Debug\link.11340.write.1.tlog
C:\Users\T\Desktop\SpectrumObservation\Project1\Debug\link.7952-cvtres.read.1.tlog
C:\Users\T\Desktop\SpectrumObservation\Project1\Debug\link.7952-cvtres.write.1.tlog
C:\Users\T\Desktop\SpectrumObservation\Project1\Debug\link.7952-rc.read.1.tlog
C:\Users\T\Desktop\SpectrumObservation\Project1\Debug\link.7952-rc.write.1.tlog
C:\Users\T\Desktop\SpectrumObservation\Project1\Debug\link.7952.read.1.tlog
C:\Users\T\Desktop\SpectrumObservation\Project1\Debug\link.7952.write.1.tlog
C:\Users\T\Desktop\SpectrumObservation\Project1\Debug\link.8208-cvtres.read.1.tlog
C:\Users\T\Desktop\SpectrumObservation\Project1\Debug\link.8208-cvtres.write.1.tlog
C:\Users\T\Desktop\SpectrumObservation\Project1\Debug\link.8208-rc.read.1.tlog
C:\Users\T\Desktop\SpectrumObservation\Project1\Debug\link.8208-rc.write.1.tlog
C:\Users\T\Desktop\SpectrumObservation\Project1\Debug\link.8208.read.1.tlog
C:\Users\T\Desktop\SpectrumObservation\Project1\Debug\link.8208.write.1.tlog
C:\Users\T\Desktop\SpectrumObservation\Project1\Debug\link.9940-cvtres.read.1.tlog
C:\Users\T\Desktop\SpectrumObservation\Project1\Debug\link.9940-cvtres.write.1.tlog
C:\Users\T\Desktop\SpectrumObservation\Project1\Debug\link.9940-rc.read.1.tlog
C:\Users\T\Desktop\SpectrumObservation\Project1\Debug\link.9940-rc.write.1.tlog
C:\Users\T\Desktop\SpectrumObservation\Project1\Debug\link.9940.read.1.tlog
C:\Users\T\Desktop\SpectrumObservation\Project1\Debug\link.9940.write.1.tlog
C:\Users\T\Desktop\SpectrumObservation\Project1\Debug\link.command.1.tlog
C:\Users\T\Desktop\SpectrumObservation\Project1\Debug\link.read.1.tlog
C:\Users\T\Desktop\SpectrumObservation\Project1\Debug\link.write.1.tlog
C:\Users\T\Desktop\SpectrumObservation\Project1\Debug\vc110.idb
C:\Users\T\Desktop\SpectrumObservation\Project1\Debug\vc110.pdb
C:\Users\T\Desktop\SpectrumObservation\Debug\SpectrumObservation.pdb
C:\Users\T\Desktop\SpectrumObservation\Debug\SpectrumObservation.exe
C:\Users\T\Desktop\SpectrumObservation\Debug\SpectrumObservation.ilk
